This is LuaTeX, Version 1.0.0 (MiKTeX 2.9.6210 64-bit)  (format=lualatex 2017.5.31)  13 JUN 2017 16:19
 restricted system commands enabled.
 file:line:error style messages enabled.
**OAHU11Diagram.tex
(./OAHU11Diagram.tex
LaTeX2e <2017/01/01> patch level 1
Lua module: luaotfload-main 2016/06/16 2.70003 OpenType layout system.
Lua module: lualibs 2016-04-06 2.4 ConTeXt Lua standard libraries.
Lua module: lualibs-extended 2016-04-06 2.4 ConTeXt Lua libraries -- extended co
llection.(using cache: C:/Users/paulusm/AppData/Local/MiKTeX/2.9/luatex-cache/ge
neric)
luaotfload | conf : Root cache directory is C:/Users/paulusm/AppData/Local/MiKTe
X/2.9/luatex-cache/generic/names.
luaotfload | init : Loading fontloader “fontloader-2016-06-16.lua” from kpse
-resolved path “C:/Program Files/MiKTeX 2.9/tex/luatex/luaotfload/fontloader-2
016-06-16.lua”.
Lua-only attribute luaotfload@state = 1
Lua-only attribute luaotfload@noligature = 2
Lua-only attribute luaotfload@syllabe = 3
luaotfload | init : Context OpenType loader version “3.023”
Inserting `luaotfload.node_processor' at position 1 in `pre_linebreak_filter'.
Inserting `luaotfload.node_processor' at position 1 in `hpack_filter'.
Inserting `luaotfload.define_font' at position 1 in `define_font'.
Lua-only attribute luaotfload_color_attribute = 4
luaotfload | conf : Root cache directory is C:/Users/paulusm/AppData/Local/MiKTe
X/2.9/luatex-cache/generic/names.
Inserting `luaotfload.aux.set_sscale_dimens' at position 1 in `luaotfload.patch_
font'.
Inserting `luaotfload.aux.patch_cambria_domh' at position 2 in `luaotfload.patch
_font'.
Inserting `luaotfload.aux.fixup_fontdata' at position 1 in `luaotfload.patch_fon
t_unsafe'.
Inserting `luaotfload.aux.set_capheight' at position 3 in `luaotfload.patch_font
'.
Inserting `luaotfload.rewrite_fontname' at position 4 in `luaotfload.patch_font'
.
luaotfload | main : initialization completed in 0.538 seconds
Babel <3.9r> and hyphenation patterns for 1 language(s) loaded.
(C:/Users/paulusm/AppData/Roaming/MiKTeX/2.9/tex/generic/luatex85/luatex85.sty
Package: luatex85 2016/06/15 v1.4 pdftex aliases for luatex
) ("C:/Program Files/MiKTeX 2.9/tex/latex/base/article.cls"
Document Class: article 2014/09/29 v1.4h Standard LaTeX document class
("C:/Program Files/MiKTeX 2.9/tex/latex/base/size12.clo"
File: size12.clo 2014/09/29 v1.4h Standard LaTeX file (size option)
luaotfload | db : Font names database loaded from C:/Users/paulusm/AppData/Local
/MiKTeX/2.9/luatex-cache/generic/names/luaotfload-names.luc(load luc: C:/Users/p
aulusm/AppData/Local/MiKTeX/2.9/luatex-cache/generic/fonts/otl/lmroman12-regular
.luc))
\c@part=\count79
\c@section=\count80
\c@subsection=\count81
\c@subsubsection=\count82
\c@paragraph=\count83
\c@subparagraph=\count84
\c@figure=\count85
\c@table=\count86
\abovecaptionskip=\skip41
\belowcaptionskip=\skip42
\bibindent=\dimen102
)
(C:/Users/paulusm/AppData/Roaming/MiKTeX/2.9/tex/latex/preview/preview.sty
Package: preview 2010/02/14 11.90 (AUCTeX/preview-latex)

(C:/Users/paulusm/AppData/Roaming/MiKTeX/2.9/tex/latex/preview/prtightpage.def
\PreviewBorder=\dimen103
)
\pr@snippet=\count87
\pr@box=\box26
\pr@output=\toks14
)
(C:/Users/paulusm/AppData/Roaming/MiKTeX/2.9/tex/latex/pgf/frontendlayer/tikz.s
ty
(C:/Users/paulusm/AppData/Roaming/MiKTeX/2.9/tex/latex/pgf/basiclayer/pgf.sty
(C:/Users/paulusm/AppData/Roaming/MiKTeX/2.9/tex/latex/pgf/utilities/pgfrcs.sty

(C:/Users/paulusm/AppData/Roaming/MiKTeX/2.9/tex/generic/pgf/utilities/pgfutil-
common.tex
\pgfutil@everybye=\toks15
\pgfutil@tempdima=\dimen104
\pgfutil@tempdimb=\dimen105

(C:/Users/paulusm/AppData/Roaming/MiKTeX/2.9/tex/generic/pgf/utilities/pgfutil-
common-lists.tex))
(C:/Users/paulusm/AppData/Roaming/MiKTeX/2.9/tex/generic/pgf/utilities/pgfutil-
latex.def
\pgfutil@abb=\box27

(C:/Users/paulusm/AppData/Roaming/MiKTeX/2.9/tex/latex/ms/everyshi.sty
Package: everyshi 2001/05/15 v3.00 EveryShipout Package (MS)
))
(C:/Users/paulusm/AppData/Roaming/MiKTeX/2.9/tex/generic/pgf/utilities/pgfrcs.c
ode.tex
Package: pgfrcs 2015/08/07 v3.0.1a (rcs-revision 1.31)
))
Package: pgf 2015/08/07 v3.0.1a (rcs-revision 1.15)

(C:/Users/paulusm/AppData/Roaming/MiKTeX/2.9/tex/latex/pgf/basiclayer/pgfcore.s
ty ("C:/Program Files/MiKTeX 2.9/tex/latex/graphics/graphicx.sty"
Package: graphicx 2014/10/28 v1.0g Enhanced LaTeX Graphics (DPC,SPQR)

("C:/Program Files/MiKTeX 2.9/tex/latex/graphics/keyval.sty"
Package: keyval 2014/10/28 v1.15 key=value parser (DPC)
\KV@toks@=\toks16
)
("C:/Program Files/MiKTeX 2.9/tex/latex/graphics/graphics.sty"
Package: graphics 2016/10/09 v1.0u Standard LaTeX Graphics (DPC,SPQR)

("C:/Program Files/MiKTeX 2.9/tex/latex/graphics/trig.sty"
Package: trig 2016/01/03 v1.10 sin cos tan (DPC)
)
("C:/Program Files/MiKTeX 2.9/tex/latex/graphics-cfg/graphics.cfg"
File: graphics.cfg 2016/06/04 v1.11 sample graphics configuration
)
Package graphics Info: Driver file: luatex.def on input line 99.

("C:/Program Files/MiKTeX 2.9/tex/latex/graphics-def/luatex.def"
File: luatex.def 2017/01/12 v0.01h Graphics/Color for luaTeX

("C:/Program Files/MiKTeX 2.9/tex/generic/oberdiek/infwarerr.sty"
Package: infwarerr 2016/05/16 v1.4 Providing info/warning/error messages (HO)
)
("C:/Program Files/MiKTeX 2.9/tex/generic/oberdiek/ltxcmds.sty"
Package: ltxcmds 2016/05/16 v1.23 LaTeX kernel commands for general use (HO)
)
\Gread@gobject=\count88
))
\Gin@req@height=\dimen106
\Gin@req@width=\dimen107
)
(C:/Users/paulusm/AppData/Roaming/MiKTeX/2.9/tex/latex/pgf/systemlayer/pgfsys.s
ty
(C:/Users/paulusm/AppData/Roaming/MiKTeX/2.9/tex/generic/pgf/systemlayer/pgfsys
.code.tex
Package: pgfsys 2014/07/09 v3.0.1a (rcs-revision 1.48)

(C:/Users/paulusm/AppData/Roaming/MiKTeX/2.9/tex/generic/pgf/utilities/pgfkeys.
code.tex
\pgfkeys@pathtoks=\toks17
\pgfkeys@temptoks=\toks18

(C:/Users/paulusm/AppData/Roaming/MiKTeX/2.9/tex/generic/pgf/utilities/pgfkeysf
iltered.code.tex
\pgfkeys@tmptoks=\toks19
))
\pgf@x=\dimen108
\pgf@y=\dimen109
\pgf@xa=\dimen110
\pgf@ya=\dimen111
\pgf@xb=\dimen112
\pgf@yb=\dimen113
\pgf@xc=\dimen114
\pgf@yc=\dimen115
\w@pgf@writea=\write3
\r@pgf@reada=\read1
\c@pgf@counta=\count89
\c@pgf@countb=\count90
\c@pgf@countc=\count91
\c@pgf@countd=\count92
\t@pgf@toka=\toks20
\t@pgf@tokb=\toks21
\t@pgf@tokc=\toks22

(C:/Users/paulusm/AppData/Roaming/MiKTeX/2.9/tex/generic/pgf/systemlayer/pgf.cf
g
File: pgf.cfg 2008/05/14  (rcs-revision 1.7)
)
Driver file for pgf: pgfsys-luatex.def

(C:/Users/paulusm/AppData/Roaming/MiKTeX/2.9/tex/generic/pgf/systemlayer/pgfsys
-luatex.def
File: pgfsys-luatex.def 2014/10/11  (rcs-revision 1.35)

(C:/Users/paulusm/AppData/Roaming/MiKTeX/2.9/tex/generic/pgf/systemlayer/pgfsys
-common-pdf.def
File: pgfsys-common-pdf.def 2013/10/10  (rcs-revision 1.13)
)))
(C:/Users/paulusm/AppData/Roaming/MiKTeX/2.9/tex/generic/pgf/systemlayer/pgfsys
softpath.code.tex
File: pgfsyssoftpath.code.tex 2013/09/09  (rcs-revision 1.9)
\pgfsyssoftpath@smallbuffer@items=\count93
\pgfsyssoftpath@bigbuffer@items=\count94
)
(C:/Users/paulusm/AppData/Roaming/MiKTeX/2.9/tex/generic/pgf/systemlayer/pgfsys
protocol.code.tex
File: pgfsysprotocol.code.tex 2006/10/16  (rcs-revision 1.4)
))
(C:/Users/paulusm/AppData/Roaming/MiKTeX/2.9/tex/latex/xcolor/xcolor.sty
Package: xcolor 2016/05/11 v2.12 LaTeX color extensions (UK)

("C:/Program Files/MiKTeX 2.9/tex/latex/graphics-cfg/color.cfg"
File: color.cfg 2016/01/02 v1.6 sample color configuration
)
Package xcolor Info: Driver file: luatex.def on input line 225.
Package xcolor Info: Model `cmy' substituted by `cmy0' on input line 1348.
Package xcolor Info: Model `hsb' substituted by `rgb' on input line 1352.
Package xcolor Info: Model `RGB' extended on input line 1364.
Package xcolor Info: Model `HTML' substituted by `rgb' on input line 1366.
Package xcolor Info: Model `Hsb' substituted by `hsb' on input line 1367.
Package xcolor Info: Model `tHsb' substituted by `hsb' on input line 1368.
Package xcolor Info: Model `HSB' substituted by `hsb' on input line 1369.
Package xcolor Info: Model `Gray' substituted by `gray' on input line 1370.
Package xcolor Info: Model `wave' substituted by `hsb' on input line 1371.
)
(C:/Users/paulusm/AppData/Roaming/MiKTeX/2.9/tex/generic/pgf/basiclayer/pgfcore
.code.tex
Package: pgfcore 2010/04/11 v3.0.1a (rcs-revision 1.7)

(C:/Users/paulusm/AppData/Roaming/MiKTeX/2.9/tex/generic/pgf/math/pgfmath.code.
tex
(C:/Users/paulusm/AppData/Roaming/MiKTeX/2.9/tex/generic/pgf/math/pgfmathcalc.c
ode.tex
(C:/Users/paulusm/AppData/Roaming/MiKTeX/2.9/tex/generic/pgf/math/pgfmathutil.c
ode.tex)
(C:/Users/paulusm/AppData/Roaming/MiKTeX/2.9/tex/generic/pgf/math/pgfmathparser
.code.tex
\pgfmath@dimen=\dimen116
\pgfmath@count=\count95
\pgfmath@box=\box28
\pgfmath@toks=\toks23
\pgfmath@stack@operand=\toks24
\pgfmath@stack@operation=\toks25
)
(C:/Users/paulusm/AppData/Roaming/MiKTeX/2.9/tex/generic/pgf/math/pgfmathfuncti
ons.code.tex
(C:/Users/paulusm/AppData/Roaming/MiKTeX/2.9/tex/generic/pgf/math/pgfmathfuncti
ons.basic.code.tex)
(C:/Users/paulusm/AppData/Roaming/MiKTeX/2.9/tex/generic/pgf/math/pgfmathfuncti
ons.trigonometric.code.tex)
(C:/Users/paulusm/AppData/Roaming/MiKTeX/2.9/tex/generic/pgf/math/pgfmathfuncti
ons.random.code.tex)
(C:/Users/paulusm/AppData/Roaming/MiKTeX/2.9/tex/generic/pgf/math/pgfmathfuncti
ons.comparison.code.tex)
(C:/Users/paulusm/AppData/Roaming/MiKTeX/2.9/tex/generic/pgf/math/pgfmathfuncti
ons.base.code.tex)
(C:/Users/paulusm/AppData/Roaming/MiKTeX/2.9/tex/generic/pgf/math/pgfmathfuncti
ons.round.code.tex)
(C:/Users/paulusm/AppData/Roaming/MiKTeX/2.9/tex/generic/pgf/math/pgfmathfuncti
ons.misc.code.tex)
(C:/Users/paulusm/AppData/Roaming/MiKTeX/2.9/tex/generic/pgf/math/pgfmathfuncti
ons.integerarithmetics.code.tex)))
(C:/Users/paulusm/AppData/Roaming/MiKTeX/2.9/tex/generic/pgf/math/pgfmathfloat.
code.tex
\c@pgfmathroundto@lastzeros=\count96
))
(C:/Users/paulusm/AppData/Roaming/MiKTeX/2.9/tex/generic/pgf/basiclayer/pgfcore
points.code.tex
File: pgfcorepoints.code.tex 2013/10/07  (rcs-revision 1.27)
\pgf@picminx=\dimen117
\pgf@picmaxx=\dimen118
\pgf@picminy=\dimen119
\pgf@picmaxy=\dimen120
\pgf@pathminx=\dimen121
\pgf@pathmaxx=\dimen122
\pgf@pathminy=\dimen123
\pgf@pathmaxy=\dimen124
\pgf@xx=\dimen125
\pgf@xy=\dimen126
\pgf@yx=\dimen127
\pgf@yy=\dimen128
\pgf@zx=\dimen129
\pgf@zy=\dimen130
)
(C:/Users/paulusm/AppData/Roaming/MiKTeX/2.9/tex/generic/pgf/basiclayer/pgfcore
pathconstruct.code.tex
File: pgfcorepathconstruct.code.tex 2013/10/07  (rcs-revision 1.29)
\pgf@path@lastx=\dimen131
\pgf@path@lasty=\dimen132
)
(C:/Users/paulusm/AppData/Roaming/MiKTeX/2.9/tex/generic/pgf/basiclayer/pgfcore
pathusage.code.tex
File: pgfcorepathusage.code.tex 2014/11/02  (rcs-revision 1.24)
\pgf@shorten@end@additional=\dimen133
\pgf@shorten@start@additional=\dimen134
)
(C:/Users/paulusm/AppData/Roaming/MiKTeX/2.9/tex/generic/pgf/basiclayer/pgfcore
scopes.code.tex
File: pgfcorescopes.code.tex 2015/05/08  (rcs-revision 1.46)
\pgfpic=\box29
\pgf@hbox=\box30
\pgf@layerbox@main=\box31
\pgf@picture@serial@count=\count97
)
(C:/Users/paulusm/AppData/Roaming/MiKTeX/2.9/tex/generic/pgf/basiclayer/pgfcore
graphicstate.code.tex
File: pgfcoregraphicstate.code.tex 2014/11/02  (rcs-revision 1.12)
\pgflinewidth=\dimen135
)
(C:/Users/paulusm/AppData/Roaming/MiKTeX/2.9/tex/generic/pgf/basiclayer/pgfcore
transformations.code.tex
File: pgfcoretransformations.code.tex 2015/08/07  (rcs-revision 1.20)
\pgf@pt@x=\dimen136
\pgf@pt@y=\dimen137
\pgf@pt@temp=\dimen138
)
(C:/Users/paulusm/AppData/Roaming/MiKTeX/2.9/tex/generic/pgf/basiclayer/pgfcore
quick.code.tex
File: pgfcorequick.code.tex 2008/10/09  (rcs-revision 1.3)
)
(C:/Users/paulusm/AppData/Roaming/MiKTeX/2.9/tex/generic/pgf/basiclayer/pgfcore
objects.code.tex
File: pgfcoreobjects.code.tex 2006/10/11  (rcs-revision 1.2)
)
(C:/Users/paulusm/AppData/Roaming/MiKTeX/2.9/tex/generic/pgf/basiclayer/pgfcore
pathprocessing.code.tex
File: pgfcorepathprocessing.code.tex 2013/09/09  (rcs-revision 1.9)
)
(C:/Users/paulusm/AppData/Roaming/MiKTeX/2.9/tex/generic/pgf/basiclayer/pgfcore
arrows.code.tex
File: pgfcorearrows.code.tex 2015/05/14  (rcs-revision 1.43)
\pgfarrowsep=\dimen139
)
(C:/Users/paulusm/AppData/Roaming/MiKTeX/2.9/tex/generic/pgf/basiclayer/pgfcore
shade.code.tex
File: pgfcoreshade.code.tex 2013/07/15  (rcs-revision 1.15)
\pgf@max=\dimen140
\pgf@sys@shading@range@num=\count98
)
(C:/Users/paulusm/AppData/Roaming/MiKTeX/2.9/tex/generic/pgf/basiclayer/pgfcore
image.code.tex
File: pgfcoreimage.code.tex 2013/07/15  (rcs-revision 1.18)

(C:/Users/paulusm/AppData/Roaming/MiKTeX/2.9/tex/generic/pgf/basiclayer/pgfcore
external.code.tex
File: pgfcoreexternal.code.tex 2014/07/09  (rcs-revision 1.21)
\pgfexternal@startupbox=\box32
))
(C:/Users/paulusm/AppData/Roaming/MiKTeX/2.9/tex/generic/pgf/basiclayer/pgfcore
layers.code.tex
File: pgfcorelayers.code.tex 2013/07/18  (rcs-revision 1.7)
)
(C:/Users/paulusm/AppData/Roaming/MiKTeX/2.9/tex/generic/pgf/basiclayer/pgfcore
transparency.code.tex
File: pgfcoretransparency.code.tex 2013/09/30  (rcs-revision 1.5)
)
(C:/Users/paulusm/AppData/Roaming/MiKTeX/2.9/tex/generic/pgf/basiclayer/pgfcore
patterns.code.tex
File: pgfcorepatterns.code.tex 2013/11/07  (rcs-revision 1.5)
)))
(C:/Users/paulusm/AppData/Roaming/MiKTeX/2.9/tex/generic/pgf/modules/pgfmodules
hapes.code.tex
File: pgfmoduleshapes.code.tex 2014/03/21  (rcs-revision 1.35)
\pgfnodeparttextbox=\box33
)
(C:/Users/paulusm/AppData/Roaming/MiKTeX/2.9/tex/generic/pgf/modules/pgfmodulep
lot.code.tex
File: pgfmoduleplot.code.tex 2015/08/03  (rcs-revision 1.13)
)
(C:/Users/paulusm/AppData/Roaming/MiKTeX/2.9/tex/latex/pgf/compatibility/pgfcom
p-version-0-65.sty
Package: pgfcomp-version-0-65 2007/07/03 v3.0.1a (rcs-revision 1.7)
\pgf@nodesepstart=\dimen141
\pgf@nodesepend=\dimen142
)
(C:/Users/paulusm/AppData/Roaming/MiKTeX/2.9/tex/latex/pgf/compatibility/pgfcom
p-version-1-18.sty
Package: pgfcomp-version-1-18 2007/07/23 v3.0.1a (rcs-revision 1.1)
))
(C:/Users/paulusm/AppData/Roaming/MiKTeX/2.9/tex/latex/pgf/utilities/pgffor.sty

(C:/Users/paulusm/AppData/Roaming/MiKTeX/2.9/tex/latex/pgf/utilities/pgfkeys.st
y
(C:/Users/paulusm/AppData/Roaming/MiKTeX/2.9/tex/generic/pgf/utilities/pgfkeys.
code.tex))
(C:/Users/paulusm/AppData/Roaming/MiKTeX/2.9/tex/latex/pgf/math/pgfmath.sty
(C:/Users/paulusm/AppData/Roaming/MiKTeX/2.9/tex/generic/pgf/math/pgfmath.code.
tex))
(C:/Users/paulusm/AppData/Roaming/MiKTeX/2.9/tex/generic/pgf/utilities/pgffor.c
ode.tex
Package: pgffor 2013/12/13 v3.0.1a (rcs-revision 1.25)

(C:/Users/paulusm/AppData/Roaming/MiKTeX/2.9/tex/generic/pgf/math/pgfmath.code.
tex)
\pgffor@iter=\dimen143
\pgffor@skip=\dimen144
\pgffor@stack=\toks26
\pgffor@toks=\toks27
))
(C:/Users/paulusm/AppData/Roaming/MiKTeX/2.9/tex/generic/pgf/frontendlayer/tikz
/tikz.code.tex
Package: tikz 2015/08/07 v3.0.1a (rcs-revision 1.151)

(C:/Users/paulusm/AppData/Roaming/MiKTeX/2.9/tex/generic/pgf/libraries/pgflibra
ryplothandlers.code.tex
File: pgflibraryplothandlers.code.tex 2013/08/31 v3.0.1a (rcs-revision 1.20)
\pgf@plot@mark@count=\count99
\pgfplotmarksize=\dimen145
)
\tikz@lastx=\dimen146
\tikz@lasty=\dimen147
\tikz@lastxsaved=\dimen148
\tikz@lastysaved=\dimen149
\tikzleveldistance=\dimen150
\tikzsiblingdistance=\dimen151
\tikz@figbox=\box34
\tikz@figbox@bg=\box35
\tikz@tempbox=\box36
\tikz@tempbox@bg=\box37
\tikztreelevel=\count100
\tikznumberofchildren=\count101
\tikznumberofcurrentchild=\count102
\tikz@fig@count=\count103

(C:/Users/paulusm/AppData/Roaming/MiKTeX/2.9/tex/generic/pgf/modules/pgfmodulem
atrix.code.tex
File: pgfmodulematrix.code.tex 2013/09/17  (rcs-revision 1.8)
\pgfmatrixcurrentrow=\count104
\pgfmatrixcurrentcolumn=\count105
\pgf@matrix@numberofcolumns=\count106
)
\tikz@expandcount=\count107

(C:/Users/paulusm/AppData/Roaming/MiKTeX/2.9/tex/generic/pgf/frontendlayer/tikz
/libraries/tikzlibrarytopaths.code.tex
File: tikzlibrarytopaths.code.tex 2008/06/17 v3.0.1a (rcs-revision 1.2)
)))
(C:/Users/paulusm/AppData/Roaming/MiKTeX/2.9/tex/generic/pgf/frontendlayer/tikz
/libraries/tikzlibraryarrows.code.tex
File: tikzlibraryarrows.code.tex 2008/01/09 v3.0.1a (rcs-revision 1.1)

(C:/Users/paulusm/AppData/Roaming/MiKTeX/2.9/tex/generic/pgf/libraries/pgflibra
ryarrows.code.tex
File: pgflibraryarrows.code.tex 2013/09/23 v3.0.1a (rcs-revision 1.16)
\arrowsize=\dimen152
))
(C:/Users/paulusm/AppData/Roaming/MiKTeX/2.9/tex/generic/pgf/frontendlayer/tikz
/libraries/tikzlibrarydecorations.pathmorphing.code.tex
(C:/Users/paulusm/AppData/Roaming/MiKTeX/2.9/tex/generic/pgf/frontendlayer/tikz
/libraries/tikzlibrarydecorations.code.tex
(C:/Users/paulusm/AppData/Roaming/MiKTeX/2.9/tex/generic/pgf/modules/pgfmoduled
ecorations.code.tex
\pgfdecoratedcompleteddistance=\dimen153
\pgfdecoratedremainingdistance=\dimen154
\pgfdecoratedinputsegmentcompleteddistance=\dimen155
\pgfdecoratedinputsegmentremainingdistance=\dimen156
\pgf@decorate@distancetomove=\dimen157
\pgf@decorate@repeatstate=\count108
\pgfdecorationsegmentamplitude=\dimen158
\pgfdecorationsegmentlength=\dimen159
)
\tikz@lib@dec@box=\box38
)
(C:/Users/paulusm/AppData/Roaming/MiKTeX/2.9/tex/generic/pgf/libraries/decorati
ons/pgflibrarydecorations.pathmorphing.code.tex))
(C:/Users/paulusm/AppData/Roaming/MiKTeX/2.9/tex/generic/pgf/frontendlayer/tikz
/libraries/tikzlibrarybackgrounds.code.tex
File: tikzlibrarybackgrounds.code.tex 2013/07/18 v3.0.1a (rcs-revision 1.3)
\pgf@layerbox@background=\box39
\pgf@layerboxsaved@background=\box40
)
(C:/Users/paulusm/AppData/Roaming/MiKTeX/2.9/tex/generic/pgf/frontendlayer/tikz
/libraries/tikzlibrarypositioning.code.tex
File: tikzlibrarypositioning.code.tex 2008/10/06 v3.0.1a (rcs-revision 1.7)
)
(C:/Users/paulusm/AppData/Roaming/MiKTeX/2.9/tex/generic/pgf/frontendlayer/tikz
/libraries/tikzlibraryfit.code.tex
File: tikzlibraryfit.code.tex 2013/07/12 v3.0.1a (rcs-revision 1.5)
)
(C:/Users/paulusm/AppData/Roaming/MiKTeX/2.9/tex/generic/pgf/frontendlayer/tikz
/libraries/tikzlibrarypetri.code.tex
File: tikzlibrarypetri.code.tex 2013/07/17 v3.0.1a (rcs-revision 1.3)
)
(C:/Users/paulusm/AppData/Roaming/MiKTeX/2.9/tex/generic/pgf/libraries/pgflibra
ryarrows.meta.code.tex
File: pgflibraryarrows.meta.code.tex 2015/05/13 v3.0.1a (rcs-revision 1.13)
\pgfarrowinset=\dimen160
\pgfarrowlength=\dimen161
\pgfarrowwidth=\dimen162
\pgfarrowlinewidth=\dimen163
)
(C:/Users/paulusm/AppData/Roaming/MiKTeX/2.9/tex/latex/pgfplots/pgfplots.sty
(C:/Users/paulusm/AppData/Roaming/MiKTeX/2.9/tex/generic/pgfplots/pgfplots.revi
sion.tex)
Package: pgfplots 2016/08/10 v1.14 Data Visualization (1.14)
 ("C:/Program Files/MiKTeX 2.9/tex/luatex/luatexbase/luatexbase.sty"
Package: luatexbase 2015/10/04 v1.3 luatexbase interface to LuaTeX 

(C:/Users/paulusm/AppData/Roaming/MiKTeX/2.9/tex/luatex/ctablestack/ctablestack
.sty
Package: ctablestack 2015/10/01 v1.0 Catcode table stable support
\@catcodetablestackcnt=\count109
)
\CatcodeTableOther=\catcodetable5
\CatcodeTableExpl=\catcodetable6
)
(C:/Users/paulusm/AppData/Roaming/MiKTeX/2.9/tex/generic/pgfplots/pgfplots.code
.tex
(C:/Users/paulusm/AppData/Roaming/MiKTeX/2.9/tex/generic/pgfplots/pgfplotscore.
code.tex
Package pgfplots info on input line 124: Initializing with LUA version Lua 5.2
\pgfplots@luabackend@table=\catcodetable7
\t@pgfplots@toka=\toks28
\t@pgfplots@tokb=\toks29
\t@pgfplots@tokc=\toks30
\pgfplots@tmpa=\dimen164
\c@pgfplots@coordindex=\count110
\c@pgfplots@scanlineindex=\count111

(C:/Users/paulusm/AppData/Roaming/MiKTeX/2.9/tex/generic/pgfplots/sys/pgfplotss
ysgeneric.code.tex))
(C:/Users/paulusm/AppData/Roaming/MiKTeX/2.9/tex/generic/pgfplots/libs/pgfplots
library.code.tex)
(C:/Users/paulusm/AppData/Roaming/MiKTeX/2.9/tex/generic/pgfplots/oldpgfcompati
b/pgfplotsoldpgfsupp_loader.code.tex
(C:/Users/paulusm/AppData/Roaming/MiKTeX/2.9/tex/generic/pgf/libraries/pgflibra
ryfpu.code.tex)
Package pgfplots: loading complementary arithmetics for your pgf version...

(C:/Users/paulusm/AppData/Roaming/MiKTeX/2.9/tex/generic/pgfplots/oldpgfcompati
b/pgfplotsoldpgfsupp_pgflibraryfpu.code.tex)
(C:/Users/paulusm/AppData/Roaming/MiKTeX/2.9/tex/generic/pgfplots/oldpgfcompati
b/pgfplotsoldpgfsupp_pgfmathfloat.code.tex
\c@pgfmathroundto@lastzeros=\count112
)
(C:/Users/paulusm/AppData/Roaming/MiKTeX/2.9/tex/generic/pgf/libraries/luamath/
pgflibraryluamath.code.tex)
Package pgfplots info on input line 222: luamath library shipped with pgf 3.0.1a
 is up-to-date
)
(C:/Users/paulusm/AppData/Roaming/MiKTeX/2.9/tex/generic/pgfplots/util/pgfplots
util.code.tex
Package pgfplots info on input line 82: Found new luatex: initializing lua comma
nds instead of write18 (shell-escape)

(C:/Users/paulusm/AppData/Roaming/MiKTeX/2.9/tex/generic/pgfplots/liststructure
/pgfplotsliststructure.code.tex)
(C:/Users/paulusm/AppData/Roaming/MiKTeX/2.9/tex/generic/pgfplots/liststructure
/pgfplotsliststructureext.code.tex)
(C:/Users/paulusm/AppData/Roaming/MiKTeX/2.9/tex/generic/pgfplots/liststructure
/pgfplotsarray.code.tex
\c@pgfplotsarray@tmp=\count113
)
(C:/Users/paulusm/AppData/Roaming/MiKTeX/2.9/tex/generic/pgfplots/liststructure
/pgfplotsmatrix.code.tex)
(C:/Users/paulusm/AppData/Roaming/MiKTeX/2.9/tex/generic/pgfplots/numtable/pgfp
lotstableshared.code.tex
\c@pgfplotstable@counta=\count114
\t@pgfplotstable@a=\toks31
)
(C:/Users/paulusm/AppData/Roaming/MiKTeX/2.9/tex/generic/pgfplots/liststructure
/pgfplotsdeque.code.tex)
(C:/Users/paulusm/AppData/Roaming/MiKTeX/2.9/tex/generic/pgfplots/util/pgfplots
binary.code.tex
(C:/Users/paulusm/AppData/Roaming/MiKTeX/2.9/tex/generic/pgfplots/util/pgfplots
binary.data.code.tex))
(C:/Users/paulusm/AppData/Roaming/MiKTeX/2.9/tex/generic/pgfplots/util/pgfplots
util.verb.code.tex)
(C:/Users/paulusm/AppData/Roaming/MiKTeX/2.9/tex/generic/pgfplots/libs/pgflibra
rypgfplots.surfshading.code.tex
\c@pgfplotslibrarysurf@no=\count115

(C:/Users/paulusm/AppData/Roaming/MiKTeX/2.9/tex/generic/pgfplots/sys/pgflibrar
ypgfplots.surfshading.pgfsys-luatex.def)))
(C:/Users/paulusm/AppData/Roaming/MiKTeX/2.9/tex/generic/pgfplots/util/pgfplots
colormap.code.tex
(C:/Users/paulusm/AppData/Roaming/MiKTeX/2.9/tex/generic/pgfplots/util/pgfplots
color.code.tex))
(C:/Users/paulusm/AppData/Roaming/MiKTeX/2.9/tex/generic/pgfplots/pgfplotsstack
edplots.code.tex)
(C:/Users/paulusm/AppData/Roaming/MiKTeX/2.9/tex/generic/pgfplots/pgfplotsploth
andlers.code.tex
(C:/Users/paulusm/AppData/Roaming/MiKTeX/2.9/tex/generic/pgfplots/pgfplotsmeshp
lothandler.code.tex
(C:/Users/paulusm/AppData/Roaming/MiKTeX/2.9/tex/generic/pgfplots/pgfplotsmeshp
lotimage.code.tex)))
(C:/Users/paulusm/AppData/Roaming/MiKTeX/2.9/tex/generic/pgfplots/pgfplots.scal
ing.code.tex)
(C:/Users/paulusm/AppData/Roaming/MiKTeX/2.9/tex/generic/pgfplots/pgfplotscoord
processing.code.tex)
(C:/Users/paulusm/AppData/Roaming/MiKTeX/2.9/tex/generic/pgfplots/pgfplots.erro
rbars.code.tex)
(C:/Users/paulusm/AppData/Roaming/MiKTeX/2.9/tex/generic/pgfplots/pgfplots.mark
ers.code.tex)
(C:/Users/paulusm/AppData/Roaming/MiKTeX/2.9/tex/generic/pgfplots/pgfplotsticks
.code.tex)
(C:/Users/paulusm/AppData/Roaming/MiKTeX/2.9/tex/generic/pgfplots/pgfplots.path
s.code.tex)
(C:/Users/paulusm/AppData/Roaming/MiKTeX/2.9/tex/generic/pgf/frontendlayer/tikz
/libraries/tikzlibrarydecorations.pathreplacing.code.tex
(C:/Users/paulusm/AppData/Roaming/MiKTeX/2.9/tex/generic/pgf/libraries/decorati
ons/pgflibrarydecorations.pathreplacing.code.tex))
\pgfplots@numplots=\count116
\pgfplots@xmin@reg=\dimen165
\pgfplots@xmax@reg=\dimen166
\pgfplots@ymin@reg=\dimen167
\pgfplots@ymax@reg=\dimen168
\pgfplots@zmin@reg=\dimen169
\pgfplots@zmax@reg=\dimen170
)
(C:/Users/paulusm/AppData/Roaming/MiKTeX/2.9/tex/generic/pgf/frontendlayer/tikz
/libraries/tikzlibraryplotmarks.code.tex
File: tikzlibraryplotmarks.code.tex 2008/01/09 v3.0.1a (rcs-revision 1.1)

(C:/Users/paulusm/AppData/Roaming/MiKTeX/2.9/tex/generic/pgf/libraries/pgflibra
ryplotmarks.code.tex
File: pgflibraryplotmarks.code.tex 2015/08/03 v3.0.1a (rcs-revision 1.14)
)))
(C:/Users/paulusm/AppData/Roaming/MiKTeX/2.9/tex/generic/pgf/graphdrawing/tex/t
ikzlibrarygraphdrawing.code.tex
File: tikzlibrarygraphdrawing.code.tex 2013/08/05 v3.0.1a (rcs-revision 1.20)

(C:/Users/paulusm/AppData/Roaming/MiKTeX/2.9/tex/generic/pgf/graphdrawing/tex/p
gflibrarygraphdrawing.code.tex
File: pgflibrarygraphdrawing.code.tex 2015/06/08 v3.0.1a (rcs-revision 1.39)
\pgf@gd@parameter@stack@height=\count117
\pgf@gd@node@box=\box41
\pgf@gd@edge@box=\box42
\pgf@gd@prekind@box=\box43
\pgf@gd@postkind@box=\box44
))
(C:/Users/paulusm/AppData/Roaming/MiKTeX/2.9/tex/generic/pgf/frontendlayer/tikz
/libraries/graphs/tikzlibrarygraphs.code.tex
File: tikzlibrarygraphs.code.tex 2015/06/05 v3.0.1a (rcs-revision 1.44)
\tikz@lib@auto@number=\count118
\tikz@qnode@count=\count119
)
(C:/Users/paulusm/AppData/Roaming/MiKTeX/2.9/tex/latex/forest/forest.sty
Package: forest 2017/02/02 v2.1.4 Drawing (linguistic) trees

(C:/Users/paulusm/AppData/Roaming/MiKTeX/2.9/tex/generic/pgf/frontendlayer/tikz
/libraries/tikzlibraryshapes.code.tex
File: tikzlibraryshapes.code.tex 2008/01/09 v3.0.1a (rcs-revision 1.1)

(C:/Users/paulusm/AppData/Roaming/MiKTeX/2.9/tex/generic/pgf/frontendlayer/tikz
/libraries/tikzlibraryshapes.geometric.code.tex
File: tikzlibraryshapes.geometric.code.tex 2008/01/09 v3.0.1a (rcs-revision 1.1)


(C:/Users/paulusm/AppData/Roaming/MiKTeX/2.9/tex/generic/pgf/libraries/shapes/p
gflibraryshapes.geometric.code.tex
File: pgflibraryshapes.geometric.code.tex 2008/06/26 v3.0.1a (rcs-revision 1.1)
))
(C:/Users/paulusm/AppData/Roaming/MiKTeX/2.9/tex/generic/pgf/frontendlayer/tikz
/libraries/tikzlibraryshapes.misc.code.tex
File: tikzlibraryshapes.misc.code.tex 2008/01/09 v3.0.1a (rcs-revision 1.1)

(C:/Users/paulusm/AppData/Roaming/MiKTeX/2.9/tex/generic/pgf/libraries/shapes/p
gflibraryshapes.misc.code.tex
File: pgflibraryshapes.misc.code.tex 2013/07/18 v3.0.1a (rcs-revision 1.5)
))
(C:/Users/paulusm/AppData/Roaming/MiKTeX/2.9/tex/generic/pgf/frontendlayer/tikz
/libraries/tikzlibraryshapes.symbols.code.tex
File: tikzlibraryshapes.symbols.code.tex 2008/01/09 v3.0.1a (rcs-revision 1.1)

(C:/Users/paulusm/AppData/Roaming/MiKTeX/2.9/tex/generic/pgf/libraries/shapes/p
gflibraryshapes.symbols.code.tex
File: pgflibraryshapes.symbols.code.tex 2013/09/11 v3.0.1a (rcs-revision 1.6)
))
(C:/Users/paulusm/AppData/Roaming/MiKTeX/2.9/tex/generic/pgf/frontendlayer/tikz
/libraries/tikzlibraryshapes.arrows.code.tex
File: tikzlibraryshapes.arrows.code.tex 2008/01/09 v3.0.1a (rcs-revision 1.1)

(C:/Users/paulusm/AppData/Roaming/MiKTeX/2.9/tex/generic/pgf/libraries/shapes/p
gflibraryshapes.arrows.code.tex
File: pgflibraryshapes.arrows.code.tex 2008/06/26 v3.0.1a (rcs-revision 1.1)
))
(C:/Users/paulusm/AppData/Roaming/MiKTeX/2.9/tex/generic/pgf/frontendlayer/tikz
/libraries/tikzlibraryshapes.callouts.code.tex
(C:/Users/paulusm/AppData/Roaming/MiKTeX/2.9/tex/generic/pgf/libraries/shapes/p
gflibraryshapes.callouts.code.tex))
(C:/Users/paulusm/AppData/Roaming/MiKTeX/2.9/tex/generic/pgf/frontendlayer/tikz
/libraries/tikzlibraryshapes.multipart.code.tex
File: tikzlibraryshapes.multipart.code.tex 2008/01/09 v3.0.1a (rcs-revision 1.1)


(C:/Users/paulusm/AppData/Roaming/MiKTeX/2.9/tex/generic/pgf/libraries/shapes/p
gflibraryshapes.multipart.code.tex
File: pgflibraryshapes.multipart.code.tex 2010/01/07 v3.0.1a (rcs-revision 1.2)
\pgfnodepartlowerbox=\box45
\pgfnodeparttwobox=\box46
\pgfnodepartthreebox=\box47
\pgfnodepartfourbox=\box48
\pgfnodeparttwentybox=\box49
\pgfnodepartnineteenbox=\box50
\pgfnodeparteighteenbox=\box51
\pgfnodepartseventeenbox=\box52
\pgfnodepartsixteenbox=\box53
\pgfnodepartfifteenbox=\box54
\pgfnodepartfourteenbox=\box55
\pgfnodepartthirteenbox=\box56
\pgfnodeparttwelvebox=\box57
\pgfnodepartelevenbox=\box58
\pgfnodeparttenbox=\box59
\pgfnodepartninebox=\box60
\pgfnodeparteightbox=\box61
\pgfnodepartsevenbox=\box62
\pgfnodepartsixbox=\box63
\pgfnodepartfivebox=\box64
)))
(C:/Users/paulusm/AppData/Roaming/MiKTeX/2.9/tex/generic/pgf/frontendlayer/tikz
/libraries/tikzlibrarycalc.code.tex
File: tikzlibrarycalc.code.tex 2013/07/15 v3.0.1a (rcs-revision 1.9)
)
(C:/Users/paulusm/AppData/Roaming/MiKTeX/2.9/tex/generic/pgf/libraries/pgflibra
ryintersections.code.tex
\pgf@intersect@solutions=\count120
)
(C:/Users/paulusm/AppData/Roaming/MiKTeX/2.9/tex/latex/pgfopts/pgfopts.sty
Package: pgfopts 2014/07/10 v2.1a LaTeX package options with pgfkeys
\pgfopts@list@add@a@toks=\toks32
\pgfopts@list@add@b@toks=\toks33
)
(C:/Users/paulusm/AppData/Roaming/MiKTeX/2.9/tex/latex/etoolbox/etoolbox.sty
Package: etoolbox 2017/01/02 v2.4 e-TeX tools for LaTeX (JAW)
\etb@tempcnta=\count121
)
(C:/Users/paulusm/AppData/Roaming/MiKTeX/2.9/tex/latex/elocalloc/elocalloc.sty
Package: elocalloc 2016/12/15 v0.03 local allocation for LaTeX 2015+ (DPC)
) (C:/Users/paulusm/AppData/Roaming/MiKTeX/2.9/tex/latex/environ/environ.sty
Package: environ 2014/05/04 v0.3 A new way to define environments

(C:/Users/paulusm/AppData/Roaming/MiKTeX/2.9/tex/latex/trimspaces/trimspaces.st
y
Package: trimspaces 2009/09/17 v1.1 Trim spaces around a token list
)
\@envbody=\toks34
)
(C:/Users/paulusm/AppData/Roaming/MiKTeX/2.9/tex/latex/l3packages/xparse/xparse
.sty (C:/Users/paulusm/AppData/Roaming/MiKTeX/2.9/tex/latex/l3kernel/expl3.sty
Package: expl3 2017/02/10 v6878 L3 programming layer (loader) 

(C:/Users/paulusm/AppData/Roaming/MiKTeX/2.9/tex/latex/l3kernel/expl3-code.tex
Package: expl3 2017/02/10 v6878 L3 programming layer (code)
L3 Module: l3bootstrap 2016/12/28 v6805 L3 Bootstrap code
\ucharcat@table=\catcodetable8
L3 Module: l3names 2016/12/28 v6805 L3 Namespace for primitives
L3 Module: l3basics 2016/12/28 v6805 L3 Basic definitions
L3 Module: l3expan 2016/12/28 v6805 L3 Argument expansion
L3 Module: l3tl 2017/02/06 v6842 L3 Token lists
L3 Module: l3str 2017/01/01 v6809 L3 Strings
L3 Module: l3seq 2017/02/06 v6842 L3 Sequences and stacks
L3 Module: l3int 2016/12/28 v6805 L3 Integers
\c_max_int=\count122
\l_tmpa_int=\count123
\l_tmpb_int=\count124
\g_tmpa_int=\count125
\g_tmpb_int=\count126
L3 Module: l3quark 2016/12/28 v6805 L3 Quarks
L3 Module: l3prg 2017/01/01 v6811 L3 Control structures
\g__prg_map_int=\count127
L3 Module: l3clist 2017/02/06 v6842 L3 Comma separated lists
L3 Module: l3token 2016/12/28 v6805 L3 Experimental token manipulation
L3 Module: l3prop 2016/12/28 v6805 L3 Property lists
L3 Module: l3msg 2016/12/28 v6805 L3 Messages
L3 Module: l3file 2016/12/28 v6805 L3 File and I/O operations
\l_iow_line_count_int=\count128
\l__iow_target_count_int=\count129
\l__iow_current_line_int=\count130
\l__iow_current_word_int=\count131
\l__iow_current_indentation_int=\count132
L3 Module: l3skip 2017/01/01 v6809 L3 Dimensions and skips
\c_zero_dim=\dimen171
\c_max_dim=\dimen172
\l_tmpa_dim=\dimen173
\l_tmpb_dim=\dimen174
\g_tmpa_dim=\dimen175
\g_tmpb_dim=\dimen176
\c_zero_skip=\skip43
\c_max_skip=\skip44
\l_tmpa_skip=\skip45
\l_tmpb_skip=\skip46
\g_tmpa_skip=\skip47
\g_tmpb_skip=\skip48
\c_zero_muskip=\muskip10
\c_max_muskip=\muskip11
\l_tmpa_muskip=\muskip12
\l_tmpb_muskip=\muskip13
\g_tmpa_muskip=\muskip14
\g_tmpb_muskip=\muskip15
L3 Module: l3keys 2017/01/01 v6811 L3 Key-value interfaces
\l_keys_choice_int=\count133
L3 Module: l3fp 2016/12/28 v6805 L3 Floating points
\c__fp_leading_shift_int=\count134
\c__fp_middle_shift_int=\count135
\c__fp_trailing_shift_int=\count136
\c__fp_big_leading_shift_int=\count137
\c__fp_big_middle_shift_int=\count138
\c__fp_big_trailing_shift_int=\count139
\c__fp_Bigg_leading_shift_int=\count140
\c__fp_Bigg_middle_shift_int=\count141
\c__fp_Bigg_trailing_shift_int=\count142
\c__fp_rand_size_int=\count143
\c__fp_rand_four_int=\count144
\c__fp_rand_eight_int=\count145
L3 Module: l3sort 2017/02/07 v6847 L3 Sorting functions
\l__sort_length_int=\count146
\l__sort_min_int=\count147
\l__sort_top_int=\count148
\l__sort_max_int=\count149
\l__sort_true_max_int=\count150
\l__sort_block_int=\count151
\l__sort_begin_int=\count152
\l__sort_end_int=\count153
\l__sort_A_int=\count154
\l__sort_B_int=\count155
\l__sort_C_int=\count156
L3 Module: l3box 2016/12/28 v6805 L3 Experimental boxes
\c_empty_box=\box65
\l_tmpa_box=\box66
\l_tmpb_box=\box67
\g_tmpa_box=\box68
\g_tmpb_box=\box69
L3 Module: l3coffins 2016/12/28 v6805 L3 Coffin code layer
\l__coffin_internal_box=\box70
\l__coffin_internal_dim=\dimen177
\l__coffin_offset_x_dim=\dimen178
\l__coffin_offset_y_dim=\dimen179
\l__coffin_x_dim=\dimen180
\l__coffin_y_dim=\dimen181
\l__coffin_x_prime_dim=\dimen182
\l__coffin_y_prime_dim=\dimen183
\c_empty_coffin=\box71
\l__coffin_aligned_coffin=\box72
\l__coffin_aligned_internal_coffin=\box73
\l_tmpa_coffin=\box74
\l_tmpb_coffin=\box75
\l__coffin_display_coffin=\box76
\l__coffin_display_coord_coffin=\box77
\l__coffin_display_pole_coffin=\box78
\l__coffin_display_offset_dim=\dimen184
\l__coffin_display_x_dim=\dimen185
\l__coffin_display_y_dim=\dimen186
L3 Module: l3color 2016/12/28 v6805 L3 Experimental color support
L3 Module: l3sys 2017/01/01 v6811 L3 Experimental system/runtime functions
L3 Module: l3candidates 2017/01/30 v6835 L3 Experimental additions to l3kernel
\l__box_top_dim=\dimen187
\l__box_bottom_dim=\dimen188
\l__box_left_dim=\dimen189
\l__box_right_dim=\dimen190
\l__box_top_new_dim=\dimen191
\l__box_bottom_new_dim=\dimen192
\l__box_left_new_dim=\dimen193
\l__box_right_new_dim=\dimen194
\l__box_internal_box=\box79
\l__coffin_bounding_shift_dim=\dimen195
\l__coffin_left_corner_dim=\dimen196
\l__coffin_right_corner_dim=\dimen197
\l__coffin_bottom_corner_dim=\dimen198
\l__coffin_top_corner_dim=\dimen199
\l__coffin_scaled_total_height_dim=\dimen256
\l__coffin_scaled_width_dim=\dimen257
L3 Module: l3luatex 2016/12/28 v6805 L3 Experimental LuaTeX-specific functions
) (C:/Users/paulusm/AppData/Roaming/MiKTeX/2.9/tex/latex/l3kernel/l3pdfmode.def
File: l3pdfmode.def 2016/12/28 v6805 L3 Experimental driver: PDF mode
\l__driver_color_stack_int=\count157
\l__driver_tmp_box=\box80
))
Package: xparse 2017/02/10 v6878 L3 Experimental document command parser
\l__xparse_current_arg_int=\count158
\g__xparse_grabber_int=\count159
\l__xparse_m_args_int=\count160
\l__xparse_mandatory_args_int=\count161
\l__xparse_v_nesting_int=\count162
)
(C:/Users/paulusm/AppData/Roaming/MiKTeX/2.9/tex/latex/inlinedef/inlinedef.sty
Package: inlinedef 2008/07/10 v1.0 Inlined expansions within definitions
\ID@toks=\toks35
\ID@count=\count163
)
\ID@usercommands=\toks36
.................................................
. LaTeX info: "xparse/define-command"
. 
. Defining command \useforestlibrary with sig. 's O{} m' on line 166.
.................................................
.................................................
. LaTeX info: "xparse/define-command"
. 
. Defining command \ProvidesForestLibrary with sig. 'm O{}' on line 176.
.................................................
\safeloop@depth=\count164
\safeRKloop@depth=\count165
\forest@temp@dimen=\dimen258
\forest@temp@count=\count166
\forest@n=\count167
\forest@temp@global@count=\count168
\forest@temp@toks=\toks37
\forest@temparray@M=\count169
\forest@temparray@N=\count170
\forest@global@temparray@M=\count171
\forest@global@temparray@N=\count172
\forest@isnum@count=\count173
\forest@isdim@nonintpart=\count174
\forest@isdim@dimen=\dimen259
\forest@sort@m=\count175
\forest@sort@k=\count176
\forest@sort@p=\count177
\bracket@content=\toks38
\bracket@afterthought=\toks39
\forest@node@maxid=\count178
.................................................
. LaTeX info: "xparse/define-command"
. 
. Defining command \forestdebugtypeouttrees with sig. 'o' on line 2303.
.................................................
.................................................
. LaTeX info: "xparse/define-command"
. 
. Defining command \forestdebugtypeouttree with sig. 'd() O{\forest@cn }' on
. line 2348.
.................................................
\forest@process@left@M=\count179
\forest@process@left@N=\count180
\forest@process@right@M=\count181
\forest@process@right@N=\count182
\forest@process@saved@M=\count183
\forest@process@saved@N=\count184
\forest@process@result@M=\count185
\forest@process@result@N=\count186
\forest@process@n=\count187
\forest@nodewalk@branch@toks=\toks40
\forest@nodewalk@shortsteps@resolution=\toks41
\forest@do@dynamics=\toks42
\forest@box=\box81
\forest@xg=\dimen260
\forest@yg=\dimen261
\forest@xs=\dimen262
\forest@ys=\dimen263
\forest@pi@toks=\toks43
\forest@segment@toks=\toks44
\forest@PIi@toks=\toks45
\forest@PIii@toks=\toks46
\forest@copy@in=\read2
\forest@copy@out=\write4
.................................................
. LaTeX info: "xparse/define-environment"
. 
. Defining environment 'forest' with sig. 'D(){}' on line 8503.
.................................................
.................................................
. LaTeX info: "xparse/define-command"
. 
. Defining command \Forest with sig. 's D(){} m' on line 8508.
.................................................
\forest@externalize@max@outer@n=\count188
\forest@externalize@inner@n=\count189
) (./OAHU11Diagram.aux)
\openout1 = OAHU11Diagram.aux

LaTeX Font Info:    Checking defaults for OML/cmm/m/it on input line 16.
LaTeX Font Info:    ... okay on input line 16.
LaTeX Font Info:    Checking defaults for T1/cmr/m/n on input line 16.
LaTeX Font Info:    ... okay on input line 16.
LaTeX Font Info:    Checking defaults for OT1/cmr/m/n on input line 16.
LaTeX Font Info:    ... okay on input line 16.
LaTeX Font Info:    Checking defaults for OMS/cmsy/m/n on input line 16.
LaTeX Font Info:    ... okay on input line 16.
LaTeX Font Info:    Checking defaults for TU/lmr/m/n on input line 16.
LaTeX Font Info:    ... okay on input line 16.
LaTeX Font Info:    Checking defaults for OMX/cmex/m/n on input line 16.
LaTeX Font Info:    ... okay on input line 16.
LaTeX Font Info:    Checking defaults for U/cmr/m/n on input line 16.
LaTeX Font Info:    ... okay on input line 16.

Preview: Fontsize 12pt
Preview: PDFoutput 1
ABD: EveryShipout initializing macros
(C:/Users/paulusm/AppData/Roaming/MiKTeX/2.9/tex/context/base/supp-pdf.mkii
[Loading MPS to PDF converter (version 2006.09.02).]
\scratchcounter=\count190
\scratchdimen=\dimen264
\scratchbox=\box82
\nofMPsegments=\count191
\nofMParguments=\count192
\everyMPshowfont=\toks47
\MPscratchCnt=\count193
\MPscratchDim=\dimen265
\MPnumerator=\count194
\makeMPintoPDFobject=\count195
\everyMPtoPDFconversion=\toks48
) ("C:/Program Files/MiKTeX 2.9/tex/latex/oberdiek/epstopdf-base.sty"
Package: epstopdf-base 2016/05/15 v2.6 Base part for package epstopdf

("C:/Program Files/MiKTeX 2.9/tex/latex/oberdiek/grfext.sty"
Package: grfext 2016/05/16 v1.2 Manage graphics extensions (HO)

("C:/Program Files/MiKTeX 2.9/tex/generic/oberdiek/kvdefinekeys.sty"
Package: kvdefinekeys 2016/05/16 v1.4 Define keys (HO)
))
("C:/Program Files/MiKTeX 2.9/tex/latex/oberdiek/kvoptions.sty"
Package: kvoptions 2016/05/16 v3.12 Key value format for package options (HO)

("C:/Program Files/MiKTeX 2.9/tex/generic/oberdiek/kvsetkeys.sty"
Package: kvsetkeys 2016/05/16 v1.17 Key value parser (HO)

("C:/Program Files/MiKTeX 2.9/tex/generic/oberdiek/etexcmds.sty"
Package: etexcmds 2016/05/16 v1.6 Avoid name clashes with e-TeX commands (HO)

("C:/Program Files/MiKTeX 2.9/tex/generic/oberdiek/ifluatex.sty"
Package: ifluatex 2016/05/16 v1.4 Provides the ifluatex switch (HO)
Package ifluatex Info: LuaTeX detected.
))))
("C:/Program Files/MiKTeX 2.9/tex/generic/oberdiek/pdftexcmds.sty"
Package: pdftexcmds 2016/05/21 v0.22 Utility functions of pdfTeX for LuaTeX (HO)


("C:/Program Files/MiKTeX 2.9/tex/generic/oberdiek/ifpdf.sty"
Package: ifpdf 2016/05/14 v3.1 Provides the ifpdf switch
)
Package pdftexcmds Info: \pdf@primitive is available.
Package pdftexcmds Info: \pdf@ifprimitive is available.
Package pdftexcmds Info: \pdfdraftmode found.

("C:/Program Files/MiKTeX 2.9/tex/generic/oberdiek/luatex-loader.sty"
Package: luatex-loader 2016/05/16 v0.6 Lua module loader (HO)

(C:/Program Files/MiKTeX 2.9/scripts/oberdiek/oberdiek.luatex.lua))
\pdftexcmds@toks=\toks49
)
Package epstopdf-base Info: Redefining graphics rule for `.eps' on input line 43
8.
Package grfext Info: Graphics extension search list:
(grfext)             [.png,.pdf,.jpg,.mps,.jpeg,.jbig2,.jb2,.PNG,.PDF,.JPG,.JPEG
,.JBIG2,.JB2,.eps]
(grfext)             \AppendGraphicsExtensions on input line 456.
)
Package pgfplots notification 'compat/show suggested version=true': you might be
nefit from \pgfplotsset{compat=1.14} (current compat level: 1.3).

Preview: Tightpage -32891 -32891 32891 32891
[1{C:/Users/paulusm/AppData/Local/MiKTeX/2.9/pdftex/config/pdftex.map}]
(./OAHU11Diagram.aux))

Here is how much of LuaTeX's memory you used:
 42274 strings out of 494568
 125016,1373583 words of node,token memory allocated
 404 words of node memory still in use:
   3 hlist, 1 vlist, 1 rule, 7 glue, 6 attribute, 44 glue_spec, 6 attribute_list
, 1 write nodes
   avail lists: 1:7,2:1175,3:309,4:5,5:30,6:109,7:430,8:2,9:186,11:9,12:1
 45346 multiletter control sequences out of 65536+200000
 15 fonts using 723239 bytes
 131i,11n,171p,1615b,1556s stack positions out of 5000i,500n,10000p,200000b,50000s
<c:/program files/miktex 2.9/fonts/opentype/public/lm/lmroman12-regular.otf>
Output written on OAHU11Diagram.pdf (1 page, 5176 bytes).

PDF statistics: 16 PDF objects out of 1000 (max. 8388607)
 0 named destinations out of 1000 (max. 131072)
 16 words of extra memory for PDF output out of 10000 (max. 100000000)

